Using pre-set license
Built from '2020.2/staging' branch; Version is '2020.2.7f1 (c53830e277f1) revision 12924976'; Using compiler version '192528614'; Build Type 'Release'
OS: 'Windows 10 Enterprise; OS build 19042.2130; Version 2009; 64bit' Language: 'en' Physical Memory: 16326 MB
BatchMode: 1, IsHumanControllingUs: 0, StartBugReporterOnCrash: 0, Is64bit: 1, IsPro: 0

 COMMAND LINE ARGUMENTS:
C:\Program Files\Unity2020.2.7f1\Editor\Unity.exe
-adb2
-batchMode
-noUpm
-name
AssetImportWorker0
-projectPath
C:/Unity Projects/MoneroMiner
-logFile
Logs/AssetImportWorker0.log
-srvPort
52674
Successfully changed project path to: C:/Unity Projects/MoneroMiner
C:/Unity Projects/MoneroMiner
Using Asset Import Pipeline V2.
Refreshing native plugins compatible for Editor in 43.16 ms, found 0 plugins.
Preloading 0 native plugins for Editor in 0.00 ms.
Initialize engine version: 2020.2.7f1 (c53830e277f1)
[Subsystems] Discovering subsystems at path C:/Program Files/Unity2020.2.7f1/Editor/Data/Resources/UnitySubsystems
[Subsystems] Discovering subsystems at path C:/Unity Projects/MoneroMiner/Assets
GfxDevice: creating device client; threaded=0
Direct3D:
    Version:  Direct3D 11.0 [level 11.1]
    Renderer: NVIDIA GeForce GTX 1060 3GB (ID=0x1c02)
    Vendor:   
    VRAM:     2988 MB
    Driver:   30.0.15.1215
Initialize mono
Mono path[0] = 'C:/Program Files/Unity2020.2.7f1/Editor/Data/Managed'
Mono path[1] = 'C:/Program Files/Unity2020.2.7f1/Editor/Data/MonoBleedingEdge/lib/mono/unityjit'
Mono config path = 'C:/Program Files/Unity2020.2.7f1/Editor/Data/MonoBleedingEdge/etc'
Using monoOptions --debugger-agent=transport=dt_socket,embedding=1,server=y,suspend=n,address=127.0.0.1:56236
Begin MonoManager ReloadAssembly
Registering precompiled unity dll's ...
Register platform support module: C:/Program Files/Unity2020.2.7f1/Editor/Data/PlaybackEngines/WindowsStandaloneSupport/UnityEditor.WindowsStandalone.Extensions.dll
Registered in 0.002139 seconds.
Native extension for WindowsStandalone target not found
Refreshing native plugins compatible for Editor in 41.15 ms, found 0 plugins.
Preloading 0 native plugins for Editor in 0.00 ms.
Invoked RoslynAnalysisRunner static constructor.
RoslynAnalysisRunner will not be running.
RoslynAnalysisRunner has terminated.
Mono: successfully reloaded assembly
- Completed reload, in  1.839 seconds
Platform modules already initialized, skipping
Registering precompiled user dll's ...
Registered in 0.003960 seconds.
Begin MonoManager ReloadAssembly
Native extension for WindowsStandalone target not found
Refreshing native plugins compatible for Editor in 0.38 ms, found 0 plugins.
Preloading 0 native plugins for Editor in 0.00 ms.
Invoked RoslynAnalysisRunner static constructor.
RoslynAnalysisRunner will not be running.
RoslynAnalysisRunner has terminated.
Mono: successfully reloaded assembly
- Completed reload, in  1.719 seconds
Platform modules already initialized, skipping
========================================================================
Worker process is ready to serve import requests
Launched and connected shader compiler UnityShaderCompiler.exe after 0.06 seconds
Refreshing native plugins compatible for Editor in 0.45 ms, found 0 plugins.
Preloading 0 native plugins for Editor in 0.00 ms.
Unloading 1371 Unused Serialized files (Serialized files now loaded: 0)
System memory in use before: 65.5 MB.
System memory in use after: 65.5 MB.

Unloading 13 unused Assets to reduce memory usage. Loaded Objects now: 1815.
Total: 3.074100 ms (FindLiveObjects: 0.277800 ms CreateObjectMapping: 0.069200 ms MarkObjects: 2.572600 ms  DeleteObjects: 0.151700 ms)

========================================================================
Received Import Request.
  path: Assets/Scripts/RegistrationController.cs
  artifactKey: Guid(9a94e571c579c5149a85856240f7252e) Importer(815301076,1909f56bfc062723c751e8b465ee728b)
Start importing Assets/Scripts/RegistrationController.cs using Guid(9a94e571c579c5149a85856240f7252e) Importer(815301076,1909f56bfc062723c751e8b465ee728b)  -> (artifact id: '2a2740956c31dae65481cec986d57c0a') in 0.049477 seconds
  Import took 0.052574 seconds .

========================================================================
Received Prepare
Registering precompiled user dll's ...
Registered in 0.002251 seconds.
Begin MonoManager ReloadAssembly
Native extension for WindowsStandalone target not found
Refreshing native plugins compatible for Editor in 0.46 ms, found 0 plugins.
Preloading 0 native plugins for Editor in 0.00 ms.
Invoked RoslynAnalysisRunner static constructor.
RoslynAnalysisRunner will not be running.
RoslynAnalysisRunner has terminated.
Mono: successfully reloaded assembly
- Completed reload, in  1.259 seconds
Platform modules already initialized, skipping
Switching build target platform(5) subTarget(0) extendedPlatform(0) -> platform(13) subTarget(537395200) extendedPlatform(0)
Refreshing native plugins compatible for Editor in 0.58 ms, found 0 plugins.
Preloading 0 native plugins for Editor in 0.00 ms.
Unloading 1356 Unused Serialized files (Serialized files now loaded: 0)
System memory in use before: 64.2 MB.
System memory in use after: 64.3 MB.

Unloading 8 unused Assets to reduce memory usage. Loaded Objects now: 1818.
Total: 3.553700 ms (FindLiveObjects: 0.238700 ms CreateObjectMapping: 0.109100 ms MarkObjects: 3.098800 ms  DeleteObjects: 0.104400 ms)

AssetImportParameters requested are different than current active one (requested -> active):
  custom:graphics/normal-map-encoding: 01000000000000000000000000000000 -> 02000000000000000000000000000000
========================================================================
Received Prepare
Registering precompiled user dll's ...
Registered in 0.003703 seconds.
Begin MonoManager ReloadAssembly
Native extension for WindowsStandalone target not found
Refreshing native plugins compatible for Editor in 0.38 ms, found 0 plugins.
Preloading 0 native plugins for Editor in 0.00 ms.
Invoked RoslynAnalysisRunner static constructor.
RoslynAnalysisRunner will not be running.
RoslynAnalysisRunner has terminated.
Mono: successfully reloaded assembly
- Completed reload, in  1.372 seconds
Platform modules already initialized, skipping
Switching build target platform(5) subTarget(0) extendedPlatform(0) -> platform(13) subTarget(537395200) extendedPlatform(0)
Refreshing native plugins compatible for Editor in 0.38 ms, found 0 plugins.
Preloading 0 native plugins for Editor in 0.00 ms.
Unloading 1356 Unused Serialized files (Serialized files now loaded: 0)
System memory in use before: 64.2 MB.
System memory in use after: 64.3 MB.

Unloading 8 unused Assets to reduce memory usage. Loaded Objects now: 1821.
Total: 1.992700 ms (FindLiveObjects: 0.158600 ms CreateObjectMapping: 0.054700 ms MarkObjects: 1.718500 ms  DeleteObjects: 0.059400 ms)

AssetImportParameters requested are different than current active one (requested -> active):
  custom:graphics/normal-map-encoding: 01000000000000000000000000000000 -> 02000000000000000000000000000000
========================================================================
Received Prepare
Registering precompiled user dll's ...
Registered in 0.002781 seconds.
Begin MonoManager ReloadAssembly
Native extension for WindowsStandalone target not found
Refreshing native plugins compatible for Editor in 0.49 ms, found 0 plugins.
Preloading 0 native plugins for Editor in 0.00 ms.
Invoked RoslynAnalysisRunner static constructor.
RoslynAnalysisRunner will not be running.
RoslynAnalysisRunner has terminated.
Mono: successfully reloaded assembly
- Completed reload, in  1.560 seconds
Platform modules already initialized, skipping
Switching build target platform(5) subTarget(0) extendedPlatform(0) -> platform(13) subTarget(537395200) extendedPlatform(0)
Refreshing native plugins compatible for Editor in 0.42 ms, found 0 plugins.
Preloading 0 native plugins for Editor in 0.00 ms.
Unloading 1356 Unused Serialized files (Serialized files now loaded: 0)
System memory in use before: 64.3 MB.
System memory in use after: 64.3 MB.

Unloading 8 unused Assets to reduce memory usage. Loaded Objects now: 1824.
Total: 2.303600 ms (FindLiveObjects: 0.158200 ms CreateObjectMapping: 0.169700 ms MarkObjects: 1.845500 ms  DeleteObjects: 0.128200 ms)

AssetImportParameters requested are different than current active one (requested -> active):
  custom:graphics/normal-map-encoding: 01000000000000000000000000000000 -> 02000000000000000000000000000000
========================================================================
Received Prepare
Registering precompiled user dll's ...
Registered in 0.002455 seconds.
Begin MonoManager ReloadAssembly
Native extension for WindowsStandalone target not found
Refreshing native plugins compatible for Editor in 0.39 ms, found 0 plugins.
Preloading 0 native plugins for Editor in 0.00 ms.
Invoked RoslynAnalysisRunner static constructor.
RoslynAnalysisRunner will not be running.
RoslynAnalysisRunner has terminated.
Mono: successfully reloaded assembly
- Completed reload, in  1.305 seconds
Platform modules already initialized, skipping
Switching build target platform(5) subTarget(0) extendedPlatform(0) -> platform(13) subTarget(537395200) extendedPlatform(0)
Refreshing native plugins compatible for Editor in 0.37 ms, found 0 plugins.
Preloading 0 native plugins for Editor in 0.00 ms.
Unloading 1356 Unused Serialized files (Serialized files now loaded: 0)
System memory in use before: 64.3 MB.
System memory in use after: 64.4 MB.

Unloading 8 unused Assets to reduce memory usage. Loaded Objects now: 1827.
Total: 1.881600 ms (FindLiveObjects: 0.158900 ms CreateObjectMapping: 0.057400 ms MarkObjects: 1.604300 ms  DeleteObjects: 0.059300 ms)

AssetImportParameters requested are different than current active one (requested -> active):
  custom:graphics/normal-map-encoding: 01000000000000000000000000000000 -> 02000000000000000000000000000000
========================================================================
Received Prepare
Registering precompiled user dll's ...
Registered in 0.002301 seconds.
Begin MonoManager ReloadAssembly
Native extension for WindowsStandalone target not found
Refreshing native plugins compatible for Editor in 0.56 ms, found 0 plugins.
Preloading 0 native plugins for Editor in 0.00 ms.
Invoked RoslynAnalysisRunner static constructor.
RoslynAnalysisRunner will not be running.
RoslynAnalysisRunner has terminated.
Mono: successfully reloaded assembly
- Completed reload, in  1.401 seconds
Platform modules already initialized, skipping
Switching build target platform(5) subTarget(0) extendedPlatform(0) -> platform(13) subTarget(537395200) extendedPlatform(0)
Refreshing native plugins compatible for Editor in 0.42 ms, found 0 plugins.
Preloading 0 native plugins for Editor in 0.00 ms.
Unloading 1356 Unused Serialized files (Serialized files now loaded: 0)
System memory in use before: 64.3 MB.
System memory in use after: 64.4 MB.

Unloading 8 unused Assets to reduce memory usage. Loaded Objects now: 1830.
Total: 2.599100 ms (FindLiveObjects: 0.199200 ms CreateObjectMapping: 0.053600 ms MarkObjects: 2.264500 ms  DeleteObjects: 0.079500 ms)

AssetImportParameters requested are different than current active one (requested -> active):
  custom:graphics/normal-map-encoding: 01000000000000000000000000000000 -> 02000000000000000000000000000000
========================================================================
Received Prepare
Registering precompiled user dll's ...
Registered in 0.002755 seconds.
Begin MonoManager ReloadAssembly
Native extension for WindowsStandalone target not found
Refreshing native plugins compatible for Editor in 0.41 ms, found 0 plugins.
Preloading 0 native plugins for Editor in 0.00 ms.
Invoked RoslynAnalysisRunner static constructor.
RoslynAnalysisRunner will not be running.
RoslynAnalysisRunner has terminated.
Mono: successfully reloaded assembly
- Completed reload, in  1.446 seconds
Platform modules already initialized, skipping
Switching build target platform(5) subTarget(0) extendedPlatform(0) -> platform(13) subTarget(537395200) extendedPlatform(0)
Refreshing native plugins compatible for Editor in 0.41 ms, found 0 plugins.
Preloading 0 native plugins for Editor in 0.00 ms.
Unloading 1356 Unused Serialized files (Serialized files now loaded: 0)
System memory in use before: 64.3 MB.
System memory in use after: 64.4 MB.

Unloading 8 unused Assets to reduce memory usage. Loaded Objects now: 1833.
Total: 2.074100 ms (FindLiveObjects: 0.164400 ms CreateObjectMapping: 0.052900 ms MarkObjects: 1.786800 ms  DeleteObjects: 0.068500 ms)

AssetImportParameters requested are different than current active one (requested -> active):
  custom:graphics/normal-map-encoding: 01000000000000000000000000000000 -> 02000000000000000000000000000000
========================================================================
Received Prepare
Registering precompiled user dll's ...
Registered in 0.002184 seconds.
Begin MonoManager ReloadAssembly
Native extension for WindowsStandalone target not found
Refreshing native plugins compatible for Editor in 0.37 ms, found 0 plugins.
Preloading 0 native plugins for Editor in 0.00 ms.
Invoked RoslynAnalysisRunner static constructor.
RoslynAnalysisRunner will not be running.
RoslynAnalysisRunner has terminated.
Mono: successfully reloaded assembly
- Completed reload, in  1.330 seconds
Platform modules already initialized, skipping
Switching build target platform(5) subTarget(0) extendedPlatform(0) -> platform(13) subTarget(537395200) extendedPlatform(0)
Refreshing native plugins compatible for Editor in 0.58 ms, found 0 plugins.
Preloading 0 native plugins for Editor in 0.00 ms.
Unloading 1356 Unused Serialized files (Serialized files now loaded: 0)
System memory in use before: 64.3 MB.
System memory in use after: 64.4 MB.

Unloading 8 unused Assets to reduce memory usage. Loaded Objects now: 1836.
Total: 3.371000 ms (FindLiveObjects: 0.276900 ms CreateObjectMapping: 0.098800 ms MarkObjects: 2.862900 ms  DeleteObjects: 0.129600 ms)

AssetImportParameters requested are different than current active one (requested -> active):
  custom:graphics/normal-map-encoding: 01000000000000000000000000000000 -> 02000000000000000000000000000000
========================================================================
Received Prepare
Registering precompiled user dll's ...
Registered in 0.002289 seconds.
Begin MonoManager ReloadAssembly
Native extension for WindowsStandalone target not found
Refreshing native plugins compatible for Editor in 0.43 ms, found 0 plugins.
Preloading 0 native plugins for Editor in 0.00 ms.
Invoked RoslynAnalysisRunner static constructor.
RoslynAnalysisRunner will not be running.
RoslynAnalysisRunner has terminated.
Mono: successfully reloaded assembly
- Completed reload, in  1.411 seconds
Platform modules already initialized, skipping
Switching build target platform(5) subTarget(0) extendedPlatform(0) -> platform(13) subTarget(537395200) extendedPlatform(0)
Refreshing native plugins compatible for Editor in 0.44 ms, found 0 plugins.
Preloading 0 native plugins for Editor in 0.00 ms.
Unloading 1356 Unused Serialized files (Serialized files now loaded: 0)
System memory in use before: 64.3 MB.
System memory in use after: 64.4 MB.

Unloading 8 unused Assets to reduce memory usage. Loaded Objects now: 1839.
Total: 2.200500 ms (FindLiveObjects: 0.169800 ms CreateObjectMapping: 0.052300 ms MarkObjects: 1.916900 ms  DeleteObjects: 0.059800 ms)

AssetImportParameters requested are different than current active one (requested -> active):
  custom:graphics/normal-map-encoding: 01000000000000000000000000000000 -> 02000000000000000000000000000000
========================================================================
Received Prepare
Registering precompiled user dll's ...
Registered in 0.002282 seconds.
Begin MonoManager ReloadAssembly
Native extension for WindowsStandalone target not found
Refreshing native plugins compatible for Editor in 0.37 ms, found 0 plugins.
Preloading 0 native plugins for Editor in 0.00 ms.
Invoked RoslynAnalysisRunner static constructor.
RoslynAnalysisRunner will not be running.
RoslynAnalysisRunner has terminated.
Mono: successfully reloaded assembly
- Completed reload, in  1.433 seconds
Platform modules already initialized, skipping
Switching build target platform(5) subTarget(0) extendedPlatform(0) -> platform(13) subTarget(537395200) extendedPlatform(0)
Refreshing native plugins compatible for Editor in 0.57 ms, found 0 plugins.
Preloading 0 native plugins for Editor in 0.00 ms.
Unloading 1356 Unused Serialized files (Serialized files now loaded: 0)
System memory in use before: 64.3 MB.
System memory in use after: 64.4 MB.

Unloading 8 unused Assets to reduce memory usage. Loaded Objects now: 1842.
Total: 2.190900 ms (FindLiveObjects: 0.167500 ms CreateObjectMapping: 0.059200 ms MarkObjects: 1.900500 ms  DeleteObjects: 0.062100 ms)

AssetImportParameters requested are different than current active one (requested -> active):
  custom:graphics/normal-map-encoding: 01000000000000000000000000000000 -> 02000000000000000000000000000000
========================================================================
Received Prepare
Registering precompiled user dll's ...
Registered in 0.003406 seconds.
Begin MonoManager ReloadAssembly
Native extension for WindowsStandalone target not found
Refreshing native plugins compatible for Editor in 0.42 ms, found 0 plugins.
Preloading 0 native plugins for Editor in 0.00 ms.
Invoked RoslynAnalysisRunner static constructor.
RoslynAnalysisRunner will not be running.
RoslynAnalysisRunner has terminated.
Mono: successfully reloaded assembly
- Completed reload, in  1.533 seconds
Platform modules already initialized, skipping
Switching build target platform(5) subTarget(0) extendedPlatform(0) -> platform(13) subTarget(537395200) extendedPlatform(0)
Refreshing native plugins compatible for Editor in 0.44 ms, found 0 plugins.
Preloading 0 native plugins for Editor in 0.00 ms.
Unloading 1356 Unused Serialized files (Serialized files now loaded: 0)
System memory in use before: 64.3 MB.
System memory in use after: 64.4 MB.

Unloading 8 unused Assets to reduce memory usage. Loaded Objects now: 1845.
Total: 2.078300 ms (FindLiveObjects: 0.248700 ms CreateObjectMapping: 0.054600 ms MarkObjects: 1.700300 ms  DeleteObjects: 0.072500 ms)

AssetImportParameters requested are different than current active one (requested -> active):
  custom:graphics/normal-map-encoding: 01000000000000000000000000000000 -> 02000000000000000000000000000000
========================================================================
Received Prepare
Registering precompiled user dll's ...
Registered in 0.002424 seconds.
Begin MonoManager ReloadAssembly
Native extension for WindowsStandalone target not found
Refreshing native plugins compatible for Editor in 0.37 ms, found 0 plugins.
Preloading 0 native plugins for Editor in 0.00 ms.
Invoked RoslynAnalysisRunner static constructor.
RoslynAnalysisRunner will not be running.
RoslynAnalysisRunner has terminated.
Mono: successfully reloaded assembly
- Completed reload, in  1.392 seconds
Platform modules already initialized, skipping
Switching build target platform(5) subTarget(0) extendedPlatform(0) -> platform(13) subTarget(537395200) extendedPlatform(0)
Refreshing native plugins compatible for Editor in 0.36 ms, found 0 plugins.
Preloading 0 native plugins for Editor in 0.00 ms.
Unloading 1356 Unused Serialized files (Serialized files now loaded: 0)
System memory in use before: 64.3 MB.
System memory in use after: 64.4 MB.

Unloading 8 unused Assets to reduce memory usage. Loaded Objects now: 1848.
Total: 2.148300 ms (FindLiveObjects: 0.232600 ms CreateObjectMapping: 0.052000 ms MarkObjects: 1.784000 ms  DeleteObjects: 0.078200 ms)

AssetImportParameters requested are different than current active one (requested -> active):
  custom:graphics/normal-map-encoding: 01000000000000000000000000000000 -> 02000000000000000000000000000000
========================================================================
Received Prepare
Registering precompiled user dll's ...
Registered in 0.003648 seconds.
Begin MonoManager ReloadAssembly
Native extension for WindowsStandalone target not found
Refreshing native plugins compatible for Editor in 0.49 ms, found 0 plugins.
Preloading 0 native plugins for Editor in 0.00 ms.
Invoked RoslynAnalysisRunner static constructor.
RoslynAnalysisRunner will not be running.
RoslynAnalysisRunner has terminated.
Mono: successfully reloaded assembly
- Completed reload, in  1.459 seconds
Platform modules already initialized, skipping
Switching build target platform(5) subTarget(0) extendedPlatform(0) -> platform(13) subTarget(537395200) extendedPlatform(0)
Refreshing native plugins compatible for Editor in 0.40 ms, found 0 plugins.
Preloading 0 native plugins for Editor in 0.00 ms.
Unloading 1356 Unused Serialized files (Serialized files now loaded: 0)
System memory in use before: 64.3 MB.
System memory in use after: 64.4 MB.

Unloading 8 unused Assets to reduce memory usage. Loaded Objects now: 1851.
Total: 2.291100 ms (FindLiveObjects: 0.231000 ms CreateObjectMapping: 0.051200 ms MarkObjects: 1.947100 ms  DeleteObjects: 0.059700 ms)

AssetImportParameters requested are different than current active one (requested -> active):
  custom:graphics/normal-map-encoding: 01000000000000000000000000000000 -> 02000000000000000000000000000000
========================================================================
Received Prepare
Registering precompiled user dll's ...
Registered in 0.008069 seconds.
Begin MonoManager ReloadAssembly
Native extension for WindowsStandalone target not found
Refreshing native plugins compatible for Editor in 0.37 ms, found 0 plugins.
Preloading 0 native plugins for Editor in 0.00 ms.
Invoked RoslynAnalysisRunner static constructor.
RoslynAnalysisRunner will not be running.
RoslynAnalysisRunner has terminated.
Mono: successfully reloaded assembly
- Completed reload, in  1.470 seconds
Platform modules already initialized, skipping
Switching build target platform(5) subTarget(0) extendedPlatform(0) -> platform(13) subTarget(537395200) extendedPlatform(0)
Refreshing native plugins compatible for Editor in 0.44 ms, found 0 plugins.
Preloading 0 native plugins for Editor in 0.00 ms.
Unloading 1356 Unused Serialized files (Serialized files now loaded: 0)
System memory in use before: 64.3 MB.
System memory in use after: 64.4 MB.

Unloading 8 unused Assets to reduce memory usage. Loaded Objects now: 1854.
Total: 2.089300 ms (FindLiveObjects: 0.172600 ms CreateObjectMapping: 0.052200 ms MarkObjects: 1.672500 ms  DeleteObjects: 0.190500 ms)

AssetImportParameters requested are different than current active one (requested -> active):
  custom:graphics/normal-map-encoding: 01000000000000000000000000000000 -> 02000000000000000000000000000000
========================================================================
Received Import Request.
  Time since last request: 4083.175459 seconds.
  path: Assets/Plugins
  artifactKey: Guid(db713498156a847488a79db72d303307) Importer(815301076,1909f56bfc062723c751e8b465ee728b)
Start importing Assets/Plugins using Guid(db713498156a847488a79db72d303307) Importer(815301076,1909f56bfc062723c751e8b465ee728b)  -> (artifact id: '32336380127927b41fd118c855219986') in 0.009664 seconds
  Import took 0.013167 seconds .

========================================================================
Received Import Request.
  Time since last request: 1.125329 seconds.
  path: Assets/Plugins/Easy Save 3
  artifactKey: Guid(8b0341ae7c1e6af408d80302176fb1fd) Importer(815301076,1909f56bfc062723c751e8b465ee728b)
Start importing Assets/Plugins/Easy Save 3 using Guid(8b0341ae7c1e6af408d80302176fb1fd) Importer(815301076,1909f56bfc062723c751e8b465ee728b)  -> (artifact id: 'f36a3021682b6b643bf22ffb24cd9a93') in 0.007494 seconds
  Import took 0.010395 seconds .

========================================================================
Received Import Request.
  Time since last request: 1.862567 seconds.
  path: Assets/Plugins/Easy Save 3/Web
  artifactKey: Guid(b6fb14c673b174696ac55b1a7869f3a9) Importer(815301076,1909f56bfc062723c751e8b465ee728b)
Start importing Assets/Plugins/Easy Save 3/Web using Guid(b6fb14c673b174696ac55b1a7869f3a9) Importer(815301076,1909f56bfc062723c751e8b465ee728b)  -> (artifact id: '7eccfef400059ac9e70f91d80f83557e') in 0.007814 seconds
  Import took 0.010495 seconds .

========================================================================
Received Import Request.
  Time since last request: 0.677296 seconds.
  path: Assets/Plugins/Easy Save 3/Scripts
  artifactKey: Guid(86ef77fdddf9947f290776206b1f23ab) Importer(815301076,1909f56bfc062723c751e8b465ee728b)
Start importing Assets/Plugins/Easy Save 3/Scripts using Guid(86ef77fdddf9947f290776206b1f23ab) Importer(815301076,1909f56bfc062723c751e8b465ee728b)  -> (artifact id: '170f6b925afaffe37947759efe7cbb09') in 0.006697 seconds
  Import took 0.009719 seconds .

========================================================================
Received Import Request.
  Time since last request: 0.000429 seconds.
  path: Assets/Plugins/Easy Save 3/Scripts
  artifactKey: Guid(86ef77fdddf9947f290776206b1f23ab) Importer(815301076,1909f56bfc062723c751e8b465ee728b)
Start importing Assets/Plugins/Easy Save 3/Scripts using Guid(86ef77fdddf9947f290776206b1f23ab) Importer(815301076,1909f56bfc062723c751e8b465ee728b)  -> (artifact id: '170f6b925afaffe37947759efe7cbb09') in 0.002472 seconds
  Import took 0.005016 seconds .

========================================================================
Received Import Request.
  Time since last request: 0.737556 seconds.
  path: Assets/Plugins/Easy Save 3/Resources
  artifactKey: Guid(ac3150ef46b603a4286655f5c6aa56c5) Importer(815301076,1909f56bfc062723c751e8b465ee728b)
Start importing Assets/Plugins/Easy Save 3/Resources using Guid(ac3150ef46b603a4286655f5c6aa56c5) Importer(815301076,1909f56bfc062723c751e8b465ee728b)  -> (artifact id: '70a5acc651e893b3c44b88206b5cc1c1') in 0.006812 seconds
  Import took 0.010108 seconds .

========================================================================
Received Import Request.
  Time since last request: 2.897028 seconds.
  path: Assets/Plugins/Easy Save 3/Resources/ES3
  artifactKey: Guid(fb505d8d21b46734eaaa002a2d27906d) Importer(815301076,1909f56bfc062723c751e8b465ee728b)
Start importing Assets/Plugins/Easy Save 3/Resources/ES3 using Guid(fb505d8d21b46734eaaa002a2d27906d) Importer(815301076,1909f56bfc062723c751e8b465ee728b)  -> (artifact id: '937a38a8efec0547cffcf7cdb05be8aa') in 0.007003 seconds
  Import took 0.010030 seconds .

========================================================================
Received Import Request.
  Time since last request: 6.899441 seconds.
  path: Assets/Plugins/Easy Save 3/Web/ES3Cloud.php
  artifactKey: Guid(5b891e253fd1a40e999dd9064b8a0d6f) Importer(815301076,1909f56bfc062723c751e8b465ee728b)
Start importing Assets/Plugins/Easy Save 3/Web/ES3Cloud.php using Guid(5b891e253fd1a40e999dd9064b8a0d6f) Importer(815301076,1909f56bfc062723c751e8b465ee728b)  -> (artifact id: '22ec3f6f24a4d9126e1282f5834ccd52') in 0.030079 seconds
  Import took 0.033184 seconds .

========================================================================
Received Import Request.
  Time since last request: 12.069536 seconds.
  path: Assets/Plugins/Easy Save 3/PlayMaker
  artifactKey: Guid(0a6bee318130749539d0eec8a7b37ccd) Importer(815301076,1909f56bfc062723c751e8b465ee728b)
Start importing Assets/Plugins/Easy Save 3/PlayMaker using Guid(0a6bee318130749539d0eec8a7b37ccd) Importer(815301076,1909f56bfc062723c751e8b465ee728b)  -> (artifact id: '543c92c434071cae3719ad79e0bbd98a') in 0.008068 seconds
  Import took 0.010981 seconds .

========================================================================
Received Import Request.
  Time since last request: 0.980340 seconds.
  path: Assets/Plugins/Easy Save 3/Editor
  artifactKey: Guid(600dbc665993148f7b59ae7356fe862e) Importer(815301076,1909f56bfc062723c751e8b465ee728b)
Start importing Assets/Plugins/Easy Save 3/Editor using Guid(600dbc665993148f7b59ae7356fe862e) Importer(815301076,1909f56bfc062723c751e8b465ee728b)  -> (artifact id: '68b4f7b19a57209475cf581679ddf333') in 0.007529 seconds
  Import took 0.010156 seconds .

========================================================================
Received Import Request.
  Time since last request: 4.320098 seconds.
  path: Assets/Plugins/Easy Save 3/Change Log
  artifactKey: Guid(3115cc2dd2d49d742b3cfe0b237788ce) Importer(815301076,1909f56bfc062723c751e8b465ee728b)
Start importing Assets/Plugins/Easy Save 3/Change Log using Guid(3115cc2dd2d49d742b3cfe0b237788ce) Importer(815301076,1909f56bfc062723c751e8b465ee728b)  -> (artifact id: '48fed506cb0ad0e1f1dab7f7dec4fd8c') in 0.008133 seconds
  Import took 0.011921 seconds .

========================================================================
Received Import Request.
  Time since last request: 1.023918 seconds.
  path: Assets/Plugins/Easy Save 3/Change Log/Change Log.txt
  artifactKey: Guid(48fdb523e0bb47f479a18f9b236df644) Importer(815301076,1909f56bfc062723c751e8b465ee728b)
Start importing Assets/Plugins/Easy Save 3/Change Log/Change Log.txt using Guid(48fdb523e0bb47f479a18f9b236df644) Importer(815301076,1909f56bfc062723c751e8b465ee728b)  -> (artifact id: 'c19e8a7293f4a321375a9787224ab44a') in 0.009539 seconds
  Import took 0.012382 seconds .

========================================================================
Received Import Request.
  Time since last request: 0.001350 seconds.
  path: Assets/Plugins/Easy Save 3/Change Log/Change Log.txt
  artifactKey: Guid(48fdb523e0bb47f479a18f9b236df644) Importer(815301076,1909f56bfc062723c751e8b465ee728b)
Start importing Assets/Plugins/Easy Save 3/Change Log/Change Log.txt using Guid(48fdb523e0bb47f479a18f9b236df644) Importer(815301076,1909f56bfc062723c751e8b465ee728b)  -> (artifact id: 'c19e8a7293f4a321375a9787224ab44a') in 0.003163 seconds
  Import took 0.006209 seconds .

========================================================================
Received Import Request.
  Time since last request: 68.054296 seconds.
  path: Assets/Plugins/Easy Save 3/Scripts/Debugging
  artifactKey: Guid(c00267afddf624bb19ac24ce8076f9e4) Importer(815301076,1909f56bfc062723c751e8b465ee728b)
Start importing Assets/Plugins/Easy Save 3/Scripts/Debugging using Guid(c00267afddf624bb19ac24ce8076f9e4) Importer(815301076,1909f56bfc062723c751e8b465ee728b)  -> (artifact id: 'abb9e355cf2617eb8ba0bd8ed393a1df') in 0.007187 seconds
  Import took 0.010350 seconds .

========================================================================
Received Import Request.
  Time since last request: 1.373990 seconds.
  path: Assets/Plugins/Easy Save 3/Scripts/Readers
  artifactKey: Guid(23cb117b6fd3547afa9766976f6dbd18) Importer(815301076,1909f56bfc062723c751e8b465ee728b)
Start importing Assets/Plugins/Easy Save 3/Scripts/Readers using Guid(23cb117b6fd3547afa9766976f6dbd18) Importer(815301076,1909f56bfc062723c751e8b465ee728b)  -> (artifact id: '363bf1689b09242731ed1161b483da3d') in 0.006640 seconds
  Import took 0.009338 seconds .

========================================================================
Received Import Request.
  Time since last request: 0.685684 seconds.
  path: Assets/Plugins/Easy Save 3/Scripts/Referencing
  artifactKey: Guid(7aae016e8c4b7924290cd0904f1509b5) Importer(815301076,1909f56bfc062723c751e8b465ee728b)
Start importing Assets/Plugins/Easy Save 3/Scripts/Referencing using Guid(7aae016e8c4b7924290cd0904f1509b5) Importer(815301076,1909f56bfc062723c751e8b465ee728b)  -> (artifact id: '5018b6e82f3fd6d510860c3833cea72b') in 0.007197 seconds
  Import took 0.009745 seconds .

========================================================================
Received Import Request.
  Time since last request: 0.557992 seconds.
  path: Assets/Plugins/Easy Save 3/Scripts/Settings
  artifactKey: Guid(6c350197e0cac40839770b990d43d828) Importer(815301076,1909f56bfc062723c751e8b465ee728b)
Start importing Assets/Plugins/Easy Save 3/Scripts/Settings using Guid(6c350197e0cac40839770b990d43d828) Importer(815301076,1909f56bfc062723c751e8b465ee728b)  -> (artifact id: 'f5935700b548da07b9e239202a1c5613') in 0.007181 seconds
  Import took 0.009710 seconds .

========================================================================
Received Import Request.
  Time since last request: 1.070409 seconds.
  path: Assets/Plugins/Easy Save 3/Scripts/Streams
  artifactKey: Guid(37ab5860b18cc4976bb573d0554aa453) Importer(815301076,1909f56bfc062723c751e8b465ee728b)
Start importing Assets/Plugins/Easy Save 3/Scripts/Streams using Guid(37ab5860b18cc4976bb573d0554aa453) Importer(815301076,1909f56bfc062723c751e8b465ee728b)  -> (artifact id: 'c1d210fe4ac636c2edb2fafb669973da') in 0.007088 seconds
  Import took 0.009816 seconds .

========================================================================
Received Import Request.
  Time since last request: 0.471068 seconds.
  path: Assets/Plugins/Easy Save 3/Scripts/Types
  artifactKey: Guid(1b8a01835c8014ce9bef4d4e31eb057b) Importer(815301076,1909f56bfc062723c751e8b465ee728b)
Start importing Assets/Plugins/Easy Save 3/Scripts/Types using Guid(1b8a01835c8014ce9bef4d4e31eb057b) Importer(815301076,1909f56bfc062723c751e8b465ee728b)  -> (artifact id: '4554fd18d95fa4615e36fd4f193bd4a5') in 0.006917 seconds
  Import took 0.009752 seconds .

========================================================================
Received Import Request.
  Time since last request: 0.517140 seconds.
  path: Assets/Plugins/Easy Save 3/Scripts/Web
  artifactKey: Guid(a31790717a932467d825f30d95c413bb) Importer(815301076,1909f56bfc062723c751e8b465ee728b)
Start importing Assets/Plugins/Easy Save 3/Scripts/Web using Guid(a31790717a932467d825f30d95c413bb) Importer(815301076,1909f56bfc062723c751e8b465ee728b)  -> (artifact id: '77341204f709e5e3720c60ed14204730') in 0.002455 seconds
  Import took 0.005250 seconds .

========================================================================
Received Import Request.
  Time since last request: 0.001011 seconds.
  path: Assets/Plugins/Easy Save 3/Scripts/Web
  artifactKey: Guid(a31790717a932467d825f30d95c413bb) Importer(815301076,1909f56bfc062723c751e8b465ee728b)
Start importing Assets/Plugins/Easy Save 3/Scripts/Web using Guid(a31790717a932467d825f30d95c413bb) Importer(815301076,1909f56bfc062723c751e8b465ee728b)  -> (artifact id: '77341204f709e5e3720c60ed14204730') in 0.002606 seconds
  Import took 0.005187 seconds .

========================================================================
Received Import Request.
  Time since last request: 0.476111 seconds.
  path: Assets/Plugins/Easy Save 3/Scripts/Writers
  artifactKey: Guid(f81e45d5acda04835b484a483f4aa7e0) Importer(815301076,1909f56bfc062723c751e8b465ee728b)
Start importing Assets/Plugins/Easy Save 3/Scripts/Writers using Guid(f81e45d5acda04835b484a483f4aa7e0) Importer(815301076,1909f56bfc062723c751e8b465ee728b)  -> (artifact id: 'f8292e95cd94bd4572f2ab32312e5fdf') in 0.007197 seconds
  Import took 0.009794 seconds .

========================================================================
Received Prepare
Registering precompiled user dll's ...
Registered in 0.002648 seconds.
Begin MonoManager ReloadAssembly
Native extension for WindowsStandalone target not found
Refreshing native plugins compatible for Editor in 0.45 ms, found 0 plugins.
Preloading 0 native plugins for Editor in 0.00 ms.
Invoked RoslynAnalysisRunner static constructor.
RoslynAnalysisRunner will not be running.
RoslynAnalysisRunner has terminated.
Mono: successfully reloaded assembly
- Completed reload, in  1.430 seconds
Platform modules already initialized, skipping
Switching build target platform(5) subTarget(0) extendedPlatform(0) -> platform(13) subTarget(537395200) extendedPlatform(0)
Refreshing native plugins compatible for Editor in 0.37 ms, found 0 plugins.
Preloading 0 native plugins for Editor in 0.00 ms.
Unloading 1356 Unused Serialized files (Serialized files now loaded: 0)
System memory in use before: 64.4 MB.
System memory in use after: 64.5 MB.

Unloading 8 unused Assets to reduce memory usage. Loaded Objects now: 1857.
Total: 2.131600 ms (FindLiveObjects: 0.161700 ms CreateObjectMapping: 0.067500 ms MarkObjects: 1.827700 ms  DeleteObjects: 0.073000 ms)

AssetImportParameters requested are different than current active one (requested -> active):
  custom:graphics/normal-map-encoding: 01000000000000000000000000000000 -> 02000000000000000000000000000000
========================================================================
Received Prepare
Registering precompiled user dll's ...
Registered in 0.002576 seconds.
Begin MonoManager ReloadAssembly
Native extension for WindowsStandalone target not found
Refreshing native plugins compatible for Editor in 0.38 ms, found 0 plugins.
Preloading 0 native plugins for Editor in 0.00 ms.
Invoked RoslynAnalysisRunner static constructor.
RoslynAnalysisRunner will not be running.
RoslynAnalysisRunner has terminated.
Mono: successfully reloaded assembly
- Completed reload, in  1.556 seconds
Platform modules already initialized, skipping
Switching build target platform(5) subTarget(0) extendedPlatform(0) -> platform(13) subTarget(537395200) extendedPlatform(0)
Refreshing native plugins compatible for Editor in 0.40 ms, found 0 plugins.
Preloading 0 native plugins for Editor in 0.00 ms.
Unloading 1356 Unused Serialized files (Serialized files now loaded: 0)
System memory in use before: 64.4 MB.
System memory in use after: 64.5 MB.

Unloading 8 unused Assets to reduce memory usage. Loaded Objects now: 1860.
Total: 2.068500 ms (FindLiveObjects: 0.194400 ms CreateObjectMapping: 0.053400 ms MarkObjects: 1.762500 ms  DeleteObjects: 0.056800 ms)

AssetImportParameters requested are different than current active one (requested -> active):
  custom:graphics/normal-map-encoding: 01000000000000000000000000000000 -> 02000000000000000000000000000000
========================================================================
Received Prepare
Registering precompiled user dll's ...
Registered in 0.002420 seconds.
Begin MonoManager ReloadAssembly
Native extension for WindowsStandalone target not found
Refreshing native plugins compatible for Editor in 0.39 ms, found 0 plugins.
Preloading 0 native plugins for Editor in 0.00 ms.
Invoked RoslynAnalysisRunner static constructor.
RoslynAnalysisRunner will not be running.
RoslynAnalysisRunner has terminated.
Mono: successfully reloaded assembly
- Completed reload, in  1.398 seconds
Platform modules already initialized, skipping
Switching build target platform(5) subTarget(0) extendedPlatform(0) -> platform(13) subTarget(537395200) extendedPlatform(0)
Refreshing native plugins compatible for Editor in 0.37 ms, found 0 plugins.
Preloading 0 native plugins for Editor in 0.00 ms.
Unloading 1356 Unused Serialized files (Serialized files now loaded: 0)
System memory in use before: 64.4 MB.
System memory in use after: 64.5 MB.

Unloading 8 unused Assets to reduce memory usage. Loaded Objects now: 1863.
Total: 2.022400 ms (FindLiveObjects: 0.145300 ms CreateObjectMapping: 0.052500 ms MarkObjects: 1.769100 ms  DeleteObjects: 0.054500 ms)

AssetImportParameters requested are different than current active one (requested -> active):
  custom:graphics/normal-map-encoding: 01000000000000000000000000000000 -> 02000000000000000000000000000000
========================================================================
Received Prepare
Registering precompiled user dll's ...
Registered in 0.007340 seconds.
Begin MonoManager ReloadAssembly
Native extension for WindowsStandalone target not found
Refreshing native plugins compatible for Editor in 0.39 ms, found 0 plugins.
Preloading 0 native plugins for Editor in 0.00 ms.
Invoked RoslynAnalysisRunner static constructor.
RoslynAnalysisRunner will not be running.
RoslynAnalysisRunner has terminated.
Mono: successfully reloaded assembly
- Completed reload, in  1.446 seconds
Platform modules already initialized, skipping
Switching build target platform(5) subTarget(0) extendedPlatform(0) -> platform(13) subTarget(537395200) extendedPlatform(0)
Refreshing native plugins compatible for Editor in 0.38 ms, found 0 plugins.
Preloading 0 native plugins for Editor in 0.00 ms.
Unloading 1356 Unused Serialized files (Serialized files now loaded: 0)
System memory in use before: 64.4 MB.
System memory in use after: 64.5 MB.

Unloading 8 unused Assets to reduce memory usage. Loaded Objects now: 1866.
Total: 2.690000 ms (FindLiveObjects: 0.239900 ms CreateObjectMapping: 0.063300 ms MarkObjects: 2.319300 ms  DeleteObjects: 0.065900 ms)

AssetImportParameters requested are different than current active one (requested -> active):
  custom:graphics/normal-map-encoding: 01000000000000000000000000000000 -> 02000000000000000000000000000000
========================================================================
Received Prepare
Registering precompiled user dll's ...
Registered in 0.002448 seconds.
Begin MonoManager ReloadAssembly
Native extension for WindowsStandalone target not found
Refreshing native plugins compatible for Editor in 0.38 ms, found 0 plugins.
Preloading 0 native plugins for Editor in 0.00 ms.
Invoked RoslynAnalysisRunner static constructor.
RoslynAnalysisRunner will not be running.
RoslynAnalysisRunner has terminated.
Mono: successfully reloaded assembly
- Completed reload, in  1.388 seconds
Platform modules already initialized, skipping
Switching build target platform(5) subTarget(0) extendedPlatform(0) -> platform(13) subTarget(537395200) extendedPlatform(0)
Refreshing native plugins compatible for Editor in 0.43 ms, found 0 plugins.
Preloading 0 native plugins for Editor in 0.00 ms.
Unloading 1356 Unused Serialized files (Serialized files now loaded: 0)
System memory in use before: 64.4 MB.
System memory in use after: 64.5 MB.

Unloading 8 unused Assets to reduce memory usage. Loaded Objects now: 1869.
Total: 2.001700 ms (FindLiveObjects: 0.192000 ms CreateObjectMapping: 0.052400 ms MarkObjects: 1.679700 ms  DeleteObjects: 0.076300 ms)

AssetImportParameters requested are different than current active one (requested -> active):
  custom:graphics/normal-map-encoding: 01000000000000000000000000000000 -> 02000000000000000000000000000000
========================================================================
Received Import Request.
  Time since last request: 722.659371 seconds.
  path: Assets/Scenes/Loading.unity
  artifactKey: Guid(54b483dea8b928b4a894395739674d96) Importer(815301076,1909f56bfc062723c751e8b465ee728b)
Start importing Assets/Scenes/Loading.unity using Guid(54b483dea8b928b4a894395739674d96) Importer(815301076,1909f56bfc062723c751e8b465ee728b)  -> (artifact id: '0884f5fbfac0544e878855edd0ca1167') in 0.023278 seconds
  Import took 0.026185 seconds .

========================================================================
Received Import Request.
  Time since last request: 0.001752 seconds.
  path: Assets/Scenes/Loading.unity
  artifactKey: Guid(54b483dea8b928b4a894395739674d96) Importer(815301076,1909f56bfc062723c751e8b465ee728b)
Start importing Assets/Scenes/Loading.unity using Guid(54b483dea8b928b4a894395739674d96) Importer(815301076,1909f56bfc062723c751e8b465ee728b)  -> (artifact id: '0884f5fbfac0544e878855edd0ca1167') in 0.002632 seconds
  Import took 0.005891 seconds .

========================================================================
Received Import Request.
  Time since last request: 41.352833 seconds.
  path: Assets/Scripts/LoadingController.cs
  artifactKey: Guid(eae07b69e11030f489bec1dbf2be8ddb) Importer(815301076,1909f56bfc062723c751e8b465ee728b)
Start importing Assets/Scripts/LoadingController.cs using Guid(eae07b69e11030f489bec1dbf2be8ddb) Importer(815301076,1909f56bfc062723c751e8b465ee728b)  -> (artifact id: 'c63eb16a1df7e836984fe0c743a3d84b') in 0.008484 seconds
  Import took 0.012020 seconds .

========================================================================
Received Prepare
Registering precompiled user dll's ...
Registered in 0.002470 seconds.
Begin MonoManager ReloadAssembly
Native extension for WindowsStandalone target not found
Refreshing native plugins compatible for Editor in 0.40 ms, found 0 plugins.
Preloading 0 native plugins for Editor in 0.00 ms.
Invoked RoslynAnalysisRunner static constructor.
RoslynAnalysisRunner will not be running.
RoslynAnalysisRunner has terminated.
Mono: successfully reloaded assembly
- Completed reload, in  1.640 seconds
Platform modules already initialized, skipping
Switching build target platform(5) subTarget(0) extendedPlatform(0) -> platform(13) subTarget(537395200) extendedPlatform(0)
Refreshing native plugins compatible for Editor in 0.41 ms, found 0 plugins.
Preloading 0 native plugins for Editor in 0.00 ms.
Unloading 1357 Unused Serialized files (Serialized files now loaded: 0)
System memory in use before: 64.4 MB.
System memory in use after: 64.5 MB.

Unloading 8 unused Assets to reduce memory usage. Loaded Objects now: 1873.
Total: 2.185800 ms (FindLiveObjects: 0.291500 ms CreateObjectMapping: 0.072000 ms MarkObjects: 1.758900 ms  DeleteObjects: 0.061600 ms)

AssetImportParameters requested are different than current active one (requested -> active):
  custom:graphics/normal-map-encoding: 01000000000000000000000000000000 -> 02000000000000000000000000000000
========================================================================
Received Prepare
Registering precompiled user dll's ...
Registered in 0.002357 seconds.
Begin MonoManager ReloadAssembly
Native extension for WindowsStandalone target not found
Refreshing native plugins compatible for Editor in 0.37 ms, found 0 plugins.
Preloading 0 native plugins for Editor in 0.00 ms.
Invoked RoslynAnalysisRunner static constructor.
RoslynAnalysisRunner will not be running.
RoslynAnalysisRunner has terminated.
Mono: successfully reloaded assembly
- Completed reload, in  1.392 seconds
Platform modules already initialized, skipping
Switching build target platform(5) subTarget(0) extendedPlatform(0) -> platform(13) subTarget(537395200) extendedPlatform(0)
Refreshing native plugins compatible for Editor in 0.38 ms, found 0 plugins.
Preloading 0 native plugins for Editor in 0.00 ms.
Unloading 1357 Unused Serialized files (Serialized files now loaded: 0)
System memory in use before: 64.4 MB.
System memory in use after: 64.5 MB.

Unloading 8 unused Assets to reduce memory usage. Loaded Objects now: 1876.
Total: 3.592200 ms (FindLiveObjects: 0.267400 ms CreateObjectMapping: 0.108200 ms MarkObjects: 3.115700 ms  DeleteObjects: 0.098400 ms)

AssetImportParameters requested are different than current active one (requested -> active):
  custom:graphics/normal-map-encoding: 01000000000000000000000000000000 -> 02000000000000000000000000000000
========================================================================
Received Import Request.
  Time since last request: 215.328388 seconds.
  path: Assets/Scripts/LoadingController.cs
  artifactKey: Guid(eae07b69e11030f489bec1dbf2be8ddb) Importer(815301076,1909f56bfc062723c751e8b465ee728b)
Start importing Assets/Scripts/LoadingController.cs using Guid(eae07b69e11030f489bec1dbf2be8ddb) Importer(815301076,1909f56bfc062723c751e8b465ee728b)  -> (artifact id: '480a83afab6b0a454f8ee969e367b533') in 0.009182 seconds
  Import took 0.013806 seconds .

========================================================================
Received Import Request.
  Time since last request: 25.796165 seconds.
  path: Assets/Scenes/SampleScene.unity
  artifactKey: Guid(9fc0d4010bbf28b4594072e72b8655ab) Importer(815301076,1909f56bfc062723c751e8b465ee728b)
Start importing Assets/Scenes/SampleScene.unity using Guid(9fc0d4010bbf28b4594072e72b8655ab) Importer(815301076,1909f56bfc062723c751e8b465ee728b)  -> (artifact id: 'd8a962be870809de96aad0c92fac7784') in 0.019233 seconds
  Import took 0.021824 seconds .

========================================================================
Received Import Request.
  Time since last request: 8.765319 seconds.
  path: Assets/Scenes/RegisterScene.unity
  artifactKey: Guid(9fc0d4010bbf28b4594072e72b8655ab) Importer(815301076,1909f56bfc062723c751e8b465ee728b)
Start importing Assets/Scenes/RegisterScene.unity using Guid(9fc0d4010bbf28b4594072e72b8655ab) Importer(815301076,1909f56bfc062723c751e8b465ee728b)  -> (artifact id: 'f2b050116574b7e7e0017a12f3a1b055') in 0.007094 seconds
  Import took 0.010325 seconds .

========================================================================
Received Prepare
Registering precompiled user dll's ...
Registered in 0.002676 seconds.
Begin MonoManager ReloadAssembly
Native extension for WindowsStandalone target not found
Refreshing native plugins compatible for Editor in 0.37 ms, found 0 plugins.
Preloading 0 native plugins for Editor in 0.00 ms.
Invoked RoslynAnalysisRunner static constructor.
RoslynAnalysisRunner will not be running.
RoslynAnalysisRunner has terminated.
Mono: successfully reloaded assembly
- Completed reload, in  1.535 seconds
Platform modules already initialized, skipping
Switching build target platform(5) subTarget(0) extendedPlatform(0) -> platform(13) subTarget(537395200) extendedPlatform(0)
Refreshing native plugins compatible for Editor in 0.38 ms, found 0 plugins.
Preloading 0 native plugins for Editor in 0.00 ms.
Unloading 1357 Unused Serialized files (Serialized files now loaded: 0)
System memory in use before: 64.5 MB.
System memory in use after: 64.5 MB.

Unloading 8 unused Assets to reduce memory usage. Loaded Objects now: 1879.
Total: 2.217300 ms (FindLiveObjects: 0.171000 ms CreateObjectMapping: 0.053200 ms MarkObjects: 1.930500 ms  DeleteObjects: 0.060400 ms)

AssetImportParameters requested are different than current active one (requested -> active):
  custom:graphics/normal-map-encoding: 01000000000000000000000000000000 -> 02000000000000000000000000000000
========================================================================
Received Prepare
Registering precompiled user dll's ...
Registered in 0.002572 seconds.
Begin MonoManager ReloadAssembly
Native extension for WindowsStandalone target not found
Refreshing native plugins compatible for Editor in 0.53 ms, found 0 plugins.
Preloading 0 native plugins for Editor in 0.00 ms.
Invoked RoslynAnalysisRunner static constructor.
RoslynAnalysisRunner will not be running.
RoslynAnalysisRunner has terminated.
Mono: successfully reloaded assembly
- Completed reload, in  1.507 seconds
Platform modules already initialized, skipping
Switching build target platform(5) subTarget(0) extendedPlatform(0) -> platform(13) subTarget(537395200) extendedPlatform(0)
Refreshing native plugins compatible for Editor in 0.43 ms, found 0 plugins.
Preloading 0 native plugins for Editor in 0.00 ms.
Unloading 1357 Unused Serialized files (Serialized files now loaded: 0)
System memory in use before: 64.5 MB.
System memory in use after: 64.5 MB.

Unloading 8 unused Assets to reduce memory usage. Loaded Objects now: 1882.
Total: 2.377500 ms (FindLiveObjects: 0.172200 ms CreateObjectMapping: 0.053100 ms MarkObjects: 2.078500 ms  DeleteObjects: 0.063100 ms)

AssetImportParameters requested are different than current active one (requested -> active):
  custom:graphics/normal-map-encoding: 01000000000000000000000000000000 -> 02000000000000000000000000000000
========================================================================
Received Prepare
Registering precompiled user dll's ...
Registered in 0.002482 seconds.
Begin MonoManager ReloadAssembly
Native extension for WindowsStandalone target not found
Refreshing native plugins compatible for Editor in 0.37 ms, found 0 plugins.
Preloading 0 native plugins for Editor in 0.00 ms.
Invoked RoslynAnalysisRunner static constructor.
RoslynAnalysisRunner will not be running.
RoslynAnalysisRunner has terminated.
Mono: successfully reloaded assembly
- Completed reload, in  1.438 seconds
Platform modules already initialized, skipping
Switching build target platform(5) subTarget(0) extendedPlatform(0) -> platform(13) subTarget(537395200) extendedPlatform(0)
Refreshing native plugins compatible for Editor in 0.37 ms, found 0 plugins.
Preloading 0 native plugins for Editor in 0.00 ms.
Unloading 1357 Unused Serialized files (Serialized files now loaded: 0)
System memory in use before: 64.5 MB.
System memory in use after: 64.5 MB.

Unloading 8 unused Assets to reduce memory usage. Loaded Objects now: 1885.
Total: 2.569700 ms (FindLiveObjects: 0.168900 ms CreateObjectMapping: 0.053000 ms MarkObjects: 2.261100 ms  DeleteObjects: 0.084600 ms)

AssetImportParameters requested are different than current active one (requested -> active):
  custom:graphics/normal-map-encoding: 01000000000000000000000000000000 -> 02000000000000000000000000000000
========================================================================
Received Prepare
Registering precompiled user dll's ...
Registered in 0.002657 seconds.
Begin MonoManager ReloadAssembly
Native extension for WindowsStandalone target not found
Refreshing native plugins compatible for Editor in 0.43 ms, found 0 plugins.
Preloading 0 native plugins for Editor in 0.00 ms.
Invoked RoslynAnalysisRunner static constructor.
RoslynAnalysisRunner will not be running.
RoslynAnalysisRunner has terminated.
Mono: successfully reloaded assembly
- Completed reload, in  1.520 seconds
Platform modules already initialized, skipping
Switching build target platform(5) subTarget(0) extendedPlatform(0) -> platform(13) subTarget(537395200) extendedPlatform(0)
Refreshing native plugins compatible for Editor in 0.43 ms, found 0 plugins.
Preloading 0 native plugins for Editor in 0.00 ms.
Unloading 1357 Unused Serialized files (Serialized files now loaded: 0)
System memory in use before: 64.5 MB.
System memory in use after: 64.5 MB.

Unloading 8 unused Assets to reduce memory usage. Loaded Objects now: 1888.
Total: 2.056800 ms (FindLiveObjects: 0.172400 ms CreateObjectMapping: 0.052900 ms MarkObjects: 1.765300 ms  DeleteObjects: 0.064300 ms)

AssetImportParameters requested are different than current active one (requested -> active):
  custom:graphics/normal-map-encoding: 01000000000000000000000000000000 -> 02000000000000000000000000000000
========================================================================
Received Prepare
Registering precompiled user dll's ...
Registered in 0.005173 seconds.
Begin MonoManager ReloadAssembly
Native extension for WindowsStandalone target not found
Refreshing native plugins compatible for Editor in 0.38 ms, found 0 plugins.
Preloading 0 native plugins for Editor in 0.00 ms.
Invoked RoslynAnalysisRunner static constructor.
RoslynAnalysisRunner will not be running.
RoslynAnalysisRunner has terminated.
Mono: successfully reloaded assembly
- Completed reload, in  1.439 seconds
Platform modules already initialized, skipping
Switching build target platform(5) subTarget(0) extendedPlatform(0) -> platform(13) subTarget(537395200) extendedPlatform(0)
Refreshing native plugins compatible for Editor in 0.52 ms, found 0 plugins.
Preloading 0 native plugins for Editor in 0.00 ms.
Unloading 1357 Unused Serialized files (Serialized files now loaded: 0)
System memory in use before: 64.5 MB.
System memory in use after: 64.6 MB.

Unloading 8 unused Assets to reduce memory usage. Loaded Objects now: 1891.
Total: 2.333800 ms (FindLiveObjects: 0.244000 ms CreateObjectMapping: 0.053700 ms MarkObjects: 1.971700 ms  DeleteObjects: 0.061900 ms)

AssetImportParameters requested are different than current active one (requested -> active):
  custom:graphics/normal-map-encoding: 01000000000000000000000000000000 -> 02000000000000000000000000000000
========================================================================
Received Prepare
Registering precompiled user dll's ...
Registered in 0.002859 seconds.
Begin MonoManager ReloadAssembly
Native extension for WindowsStandalone target not found
Refreshing native plugins compatible for Editor in 0.38 ms, found 0 plugins.
Preloading 0 native plugins for Editor in 0.00 ms.
Invoked RoslynAnalysisRunner static constructor.
RoslynAnalysisRunner will not be running.
RoslynAnalysisRunner has terminated.
Mono: successfully reloaded assembly
- Completed reload, in  1.513 seconds
Platform modules already initialized, skipping
Switching build target platform(5) subTarget(0) extendedPlatform(0) -> platform(13) subTarget(537395200) extendedPlatform(0)
Refreshing native plugins compatible for Editor in 0.37 ms, found 0 plugins.
Preloading 0 native plugins for Editor in 0.00 ms.
Unloading 1357 Unused Serialized files (Serialized files now loaded: 0)
System memory in use before: 64.5 MB.
System memory in use after: 64.6 MB.

Unloading 8 unused Assets to reduce memory usage. Loaded Objects now: 1894.
Total: 2.056900 ms (FindLiveObjects: 0.169900 ms CreateObjectMapping: 0.052400 ms MarkObjects: 1.748600 ms  DeleteObjects: 0.084300 ms)

AssetImportParameters requested are different than current active one (requested -> active):
  custom:graphics/normal-map-encoding: 01000000000000000000000000000000 -> 02000000000000000000000000000000
========================================================================
Received Prepare
Registering precompiled user dll's ...
Registered in 0.002355 seconds.
Begin MonoManager ReloadAssembly
Native extension for WindowsStandalone target not found
Refreshing native plugins compatible for Editor in 0.38 ms, found 0 plugins.
Preloading 0 native plugins for Editor in 0.00 ms.
Invoked RoslynAnalysisRunner static constructor.
RoslynAnalysisRunner will not be running.
RoslynAnalysisRunner has terminated.
Mono: successfully reloaded assembly
- Completed reload, in  1.438 seconds
Platform modules already initialized, skipping
Switching build target platform(5) subTarget(0) extendedPlatform(0) -> platform(13) subTarget(537395200) extendedPlatform(0)
Refreshing native plugins compatible for Editor in 0.37 ms, found 0 plugins.
Preloading 0 native plugins for Editor in 0.00 ms.
Unloading 1357 Unused Serialized files (Serialized files now loaded: 0)
System memory in use before: 64.5 MB.
System memory in use after: 64.6 MB.

Unloading 8 unused Assets to reduce memory usage. Loaded Objects now: 1897.
Total: 1.919100 ms (FindLiveObjects: 0.170400 ms CreateObjectMapping: 0.057400 ms MarkObjects: 1.630600 ms  DeleteObjects: 0.059300 ms)

AssetImportParameters requested are different than current active one (requested -> active):
  custom:graphics/normal-map-encoding: 01000000000000000000000000000000 -> 02000000000000000000000000000000
========================================================================
Received Prepare
Registering precompiled user dll's ...
Registered in 0.003446 seconds.
Begin MonoManager ReloadAssembly
Native extension for WindowsStandalone target not found
Refreshing native plugins compatible for Editor in 0.52 ms, found 0 plugins.
Preloading 0 native plugins for Editor in 0.00 ms.
Invoked RoslynAnalysisRunner static constructor.
RoslynAnalysisRunner will not be running.
RoslynAnalysisRunner has terminated.
Mono: successfully reloaded assembly
- Completed reload, in  1.617 seconds
Platform modules already initialized, skipping
Switching build target platform(5) subTarget(0) extendedPlatform(0) -> platform(13) subTarget(537395200) extendedPlatform(0)
Refreshing native plugins compatible for Editor in 0.37 ms, found 0 plugins.
Preloading 0 native plugins for Editor in 0.00 ms.
Unloading 1357 Unused Serialized files (Serialized files now loaded: 0)
System memory in use before: 64.5 MB.
System memory in use after: 64.6 MB.

Unloading 8 unused Assets to reduce memory usage. Loaded Objects now: 1900.
Total: 2.200600 ms (FindLiveObjects: 0.243000 ms CreateObjectMapping: 0.051900 ms MarkObjects: 1.844300 ms  DeleteObjects: 0.059600 ms)

AssetImportParameters requested are different than current active one (requested -> active):
  custom:graphics/normal-map-encoding: 01000000000000000000000000000000 -> 02000000000000000000000000000000
AssetImportWorkerClient::OnTransportError - code=2 error=End of file
